2025-06-24 16:51:27.291 [main] INFO  c.l.cli.command.SystemHealthCommand - Executing system-health command
2025-06-24 16:51:27.559 [main] INFO  c.l.cli.client.TechSupportApiClient - TechSupportApiClient initialized with base URL: http://localhost:8080
2025-06-24 16:51:27.560 [main] INFO  c.l.cli.service.ApiService - ApiService initialized with base URL: http://localhost:8080
2025-06-24 16:51:27.618 [main] WARN  c.l.cli.client.TechSupportApiClient - Connection test failed: Failed to connect to localhost/[0:0:0:0:0:0:0:1]:8080
2025-06-24 16:51:27.619 [main] INFO  c.l.cli.service.ApiService - Closing API service
2025-06-24 16:52:48.541 [main] INFO  c.l.cli.command.SystemHealthCommand - Executing system-health command
2025-06-24 16:52:48.814 [main] INFO  c.l.cli.client.TechSupportApiClient - TechSupportApiClient initialized with base URL: http://localhost:8080
2025-06-24 16:52:48.815 [main] INFO  c.l.cli.service.ApiService - ApiService initialized with base URL: http://localhost:8080
2025-06-24 16:52:48.861 [main] WARN  c.l.cli.client.TechSupportApiClient - Connection test failed: Failed to connect to localhost/[0:0:0:0:0:0:0:1]:8080
2025-06-24 16:52:48.877 [main] INFO  c.l.cli.service.ApiService - Closing API service
2025-06-24 18:25:38.849 [main] INFO  c.l.cli.command.SystemHealthCommand - Executing system-health command
2025-06-24 18:25:41.176 [main] INFO  c.l.cli.client.TechSupportApiClient - TechSupportApiClient initialized with base URL: http://localhost:8080
2025-06-24 18:25:41.182 [main] INFO  c.l.cli.service.ApiService - ApiService initialized with base URL: http://localhost:8080
2025-06-24 18:25:41.604 [main] WARN  c.l.cli.client.TechSupportApiClient - Connection test failed: Failed to connect to localhost/[0:0:0:0:0:0:0:1]:8080
2025-06-24 18:25:41.605 [main] INFO  c.l.cli.service.ApiService - Closing API service
2025-06-24 18:25:49.591 [main] INFO  c.l.c.command.TechnicianStatsCommand - Executing technician-stats command
2025-06-24 18:25:50.746 [main] INFO  c.l.cli.client.TechSupportApiClient - TechSupportApiClient initialized with base URL: http://localhost:8080
2025-06-24 18:25:50.748 [main] INFO  c.l.cli.service.ApiService - ApiService initialized with base URL: http://localhost:8080
2025-06-24 18:25:50.946 [main] WARN  c.l.cli.client.TechSupportApiClient - Connection test failed: Failed to connect to localhost/[0:0:0:0:0:0:0:1]:8080
2025-06-24 18:25:50.947 [main] INFO  c.l.cli.service.ApiService - Closing API service
2025-06-24 18:25:59.230 [main] INFO  c.l.cli.command.FeedbackStatsCommand - Executing feedback-stats command
2025-06-24 18:25:59.847 [main] INFO  c.l.cli.client.TechSupportApiClient - TechSupportApiClient initialized with base URL: http://localhost:8080
2025-06-24 18:25:59.848 [main] INFO  c.l.cli.service.ApiService - ApiService initialized with base URL: http://localhost:8080
2025-06-24 18:25:59.959 [main] WARN  c.l.cli.client.TechSupportApiClient - Connection test failed: Failed to connect to localhost/[0:0:0:0:0:0:0:1]:8080
2025-06-24 18:25:59.960 [main] INFO  c.l.cli.service.ApiService - Closing API service
2025-06-24 18:26:06.700 [main] INFO  c.l.cli.command.SkillCoverageCommand - Executing skill-coverage command
2025-06-24 18:26:07.094 [main] INFO  c.l.cli.client.TechSupportApiClient - TechSupportApiClient initialized with base URL: http://localhost:8080
2025-06-24 18:26:07.095 [main] INFO  c.l.cli.service.ApiService - ApiService initialized with base URL: http://localhost:8080
2025-06-24 18:26:07.155 [main] WARN  c.l.cli.client.TechSupportApiClient - Connection test failed: Failed to connect to localhost/[0:0:0:0:0:0:0:1]:8080
2025-06-24 18:26:07.156 [main] INFO  c.l.cli.service.ApiService - Closing API service
2025-06-24 18:26:13.179 [main] INFO  c.l.cli.command.SystemHealthCommand - Executing system-health command
2025-06-24 18:26:13.532 [main] INFO  c.l.cli.client.TechSupportApiClient - TechSupportApiClient initialized with base URL: http://localhost:8080
2025-06-24 18:26:13.533 [main] INFO  c.l.cli.service.ApiService - ApiService initialized with base URL: http://localhost:8080
2025-06-24 18:26:13.594 [main] WARN  c.l.cli.client.TechSupportApiClient - Connection test failed: Failed to connect to localhost/[0:0:0:0:0:0:0:1]:8080
2025-06-24 18:26:13.595 [main] INFO  c.l.cli.service.ApiService - Closing API service
2025-06-24 18:44:53.753 [main] INFO  c.l.cli.client.TechSupportApiClient - TechSupportApiClient initialized with base URL: http://localhost:60797
2025-06-24 18:44:54.836 [main] INFO  c.l.cli.client.TechSupportApiClient - TechSupportApiClient initialized with base URL: http://localhost:60799
2025-06-24 18:44:55.349 [main] INFO  c.l.cli.client.TechSupportApiClient - TechSupportApiClient initialized with base URL: http://localhost:60801
2025-06-24 18:44:55.400 [main] INFO  c.l.cli.client.TechSupportApiClient - TechSupportApiClient initialized with base URL: http://localhost:60803
2025-06-24 18:44:55.444 [main] INFO  c.l.cli.client.TechSupportApiClient - TechSupportApiClient initialized with base URL: http://localhost:60805
2025-06-24 18:44:55.477 [main] ERROR c.l.cli.client.TechSupportApiClient - Unexpected error while calling http://localhost:60805/api/bad: API call failed with status 400: 
2025-06-24 18:44:55.639 [main] INFO  c.l.cli.client.TechSupportApiClient - TechSupportApiClient initialized with base URL: http://localhost:60807
2025-06-24 18:44:55.645 [main] ERROR c.l.cli.client.TechSupportApiClient - Unexpected error while calling http://localhost:60807/api/nonexistent: API call failed with status 404: Resource not found
2025-06-24 18:44:55.652 [main] INFO  c.l.cli.client.TechSupportApiClient - TechSupportApiClient initialized with base URL: http://localhost:60809
2025-06-24 18:44:55.677 [main] ERROR c.l.cli.client.TechSupportApiClient - Network error while calling http://localhost:60809/api/test: Failed to connect to localhost/[0:0:0:0:0:0:0:1]:60809
2025-06-24 18:44:55.683 [main] INFO  c.l.cli.client.TechSupportApiClient - TechSupportApiClient initialized with base URL: http://localhost:60812
2025-06-24 18:44:55.726 [main] ERROR c.l.cli.client.TechSupportApiClient - Network error while calling http://localhost:60812/api/null: No content to map due to end-of-input
 at [Source: REDACTED (`StreamReadFeature.INCLUDE_SOURCE_IN_LOCATION` disabled); line: 1]
2025-06-24 18:44:55.764 [main] INFO  c.l.cli.client.TechSupportApiClient - TechSupportApiClient initialized with base URL: http://localhost:60814
2025-06-24 18:44:55.870 [main] INFO  c.l.cli.client.TechSupportApiClient - TechSupportApiClient initialized with base URL: http://localhost:60816
2025-06-24 18:44:56.070 [main] INFO  c.l.cli.client.TechSupportApiClient - TechSupportApiClient initialized with base URL: http://localhost:60818
2025-06-24 18:44:56.086 [main] INFO  c.l.cli.client.TechSupportApiClient - TechSupportApiClient initialized with base URL: http://localhost:60819
2025-06-24 18:44:56.088 [main] INFO  c.l.cli.client.TechSupportApiClient - TechSupportApiClient initialized with base URL: http://localhost:8080
2025-06-24 18:45:57.818 [main] INFO  c.l.cli.client.TechSupportApiClient - TechSupportApiClient initialized with base URL: http://localhost:60857
2025-06-24 18:45:58.143 [main] INFO  c.l.cli.client.TechSupportApiClient - TechSupportApiClient initialized with base URL: http://localhost:60859
2025-06-24 18:45:58.157 [main] INFO  c.l.cli.client.TechSupportApiClient - TechSupportApiClient initialized with base URL: http://localhost:60861
2025-06-24 18:45:58.195 [main] INFO  c.l.cli.client.TechSupportApiClient - TechSupportApiClient initialized with base URL: http://localhost:60863
2025-06-24 18:45:58.207 [main] INFO  c.l.cli.client.TechSupportApiClient - TechSupportApiClient initialized with base URL: http://localhost:60864
2025-06-24 18:45:58.209 [main] INFO  c.l.cli.client.TechSupportApiClient - TechSupportApiClient initialized with base URL: http://localhost:8080
2025-06-24 18:45:58.218 [main] INFO  c.l.cli.client.TechSupportApiClient - TechSupportApiClient initialized with base URL: http://localhost:60865
2025-06-24 18:45:58.227 [main] ERROR c.l.cli.client.TechSupportApiClient - Unexpected error while calling http://localhost:60865/api/bad: API call failed with status 400: Bad request
2025-06-24 18:45:58.309 [main] INFO  c.l.cli.client.TechSupportApiClient - TechSupportApiClient initialized with base URL: http://localhost:60867
2025-06-24 18:45:58.319 [main] ERROR c.l.cli.client.TechSupportApiClient - Unexpected error while calling http://localhost:60867/api/nonexistent: API call failed with status 404: Resource not found
2025-06-24 18:45:58.329 [main] INFO  c.l.cli.client.TechSupportApiClient - TechSupportApiClient initialized with base URL: http://localhost:60869
2025-06-24 18:45:58.344 [main] ERROR c.l.cli.client.TechSupportApiClient - Network error while calling http://localhost:60869/api/test: Failed to connect to localhost/[0:0:0:0:0:0:0:1]:60869
2025-06-24 18:45:58.351 [main] INFO  c.l.cli.client.TechSupportApiClient - TechSupportApiClient initialized with base URL: http://localhost:60872
2025-06-24 18:45:58.381 [main] ERROR c.l.cli.client.TechSupportApiClient - Network error while calling http://localhost:60872/api/empty: No content to map due to end-of-input
 at [Source: REDACTED (`StreamReadFeature.INCLUDE_SOURCE_IN_LOCATION` disabled); line: 1]
2025-06-24 18:45:58.397 [main] INFO  c.l.cli.client.TechSupportApiClient - TechSupportApiClient initialized with base URL: http://localhost:60874
2025-06-24 18:45:58.415 [main] INFO  c.l.cli.client.TechSupportApiClient - TechSupportApiClient initialized with base URL: http://localhost:60875
2025-06-24 18:45:58.506 [main] INFO  c.l.cli.client.TechSupportApiClient - TechSupportApiClient initialized with base URL: http://localhost:60877
2025-06-24 18:46:21.008 [main] INFO  c.l.cli.client.TechSupportApiClient - TechSupportApiClient initialized with base URL: http://localhost:60888
2025-06-24 18:46:21.087 [main] INFO  c.l.cli.client.TechSupportApiClient - TechSupportApiClient initialized with base URL: http://localhost:60890
2025-06-24 18:46:21.094 [main] INFO  c.l.cli.client.TechSupportApiClient - TechSupportApiClient initialized with base URL: http://localhost:60892
2025-06-24 18:46:21.105 [main] INFO  c.l.cli.client.TechSupportApiClient - TechSupportApiClient initialized with base URL: http://localhost:60894
2025-06-24 18:46:21.108 [main] INFO  c.l.cli.client.TechSupportApiClient - TechSupportApiClient initialized with base URL: http://localhost:60895
2025-06-24 18:46:21.108 [main] INFO  c.l.cli.client.TechSupportApiClient - TechSupportApiClient initialized with base URL: http://localhost:8080
2025-06-24 18:46:21.115 [main] INFO  c.l.cli.client.TechSupportApiClient - TechSupportApiClient initialized with base URL: http://localhost:60896
2025-06-24 18:46:21.119 [main] ERROR c.l.cli.client.TechSupportApiClient - Unexpected error while calling http://localhost:60896/api/bad: API call failed with status 400: Bad request
2025-06-24 18:46:21.148 [main] INFO  c.l.cli.client.TechSupportApiClient - TechSupportApiClient initialized with base URL: http://localhost:60898
2025-06-24 18:46:21.150 [main] ERROR c.l.cli.client.TechSupportApiClient - Unexpected error while calling http://localhost:60898/api/nonexistent: API call failed with status 404: Resource not found
2025-06-24 18:46:21.155 [main] INFO  c.l.cli.client.TechSupportApiClient - TechSupportApiClient initialized with base URL: http://localhost:60900
2025-06-24 18:46:21.159 [main] ERROR c.l.cli.client.TechSupportApiClient - Network error while calling http://localhost:60900/api/test: Failed to connect to localhost/[0:0:0:0:0:0:0:1]:60900
2025-06-24 18:46:21.162 [main] INFO  c.l.cli.client.TechSupportApiClient - TechSupportApiClient initialized with base URL: http://localhost:60903
2025-06-24 18:46:21.171 [main] ERROR c.l.cli.client.TechSupportApiClient - Network error while calling http://localhost:60903/api/empty: No content to map due to end-of-input
 at [Source: REDACTED (`StreamReadFeature.INCLUDE_SOURCE_IN_LOCATION` disabled); line: 1]
2025-06-24 18:46:21.177 [main] INFO  c.l.cli.client.TechSupportApiClient - TechSupportApiClient initialized with base URL: http://localhost:60905
2025-06-24 18:46:21.184 [main] INFO  c.l.cli.client.TechSupportApiClient - TechSupportApiClient initialized with base URL: http://localhost:60906
2025-06-24 18:46:21.214 [main] INFO  c.l.cli.client.TechSupportApiClient - TechSupportApiClient initialized with base URL: http://localhost:60908
2025-06-24 18:47:07.306 [main] INFO  c.l.cli.client.TechSupportApiClient - TechSupportApiClient initialized with base URL: http://localhost:60933
2025-06-24 18:47:07.384 [main] INFO  c.l.cli.client.TechSupportApiClient - TechSupportApiClient initialized with base URL: http://localhost:60935
2025-06-24 18:47:07.392 [main] INFO  c.l.cli.client.TechSupportApiClient - TechSupportApiClient initialized with base URL: http://localhost:60937
2025-06-24 18:47:07.412 [main] INFO  c.l.cli.client.TechSupportApiClient - TechSupportApiClient initialized with base URL: http://localhost:60939
2025-06-24 18:47:07.419 [main] INFO  c.l.cli.client.TechSupportApiClient - TechSupportApiClient initialized with base URL: http://localhost:60940
2025-06-24 18:47:07.420 [main] INFO  c.l.cli.client.TechSupportApiClient - TechSupportApiClient initialized with base URL: http://localhost:8080
2025-06-24 18:47:07.429 [main] INFO  c.l.cli.client.TechSupportApiClient - TechSupportApiClient initialized with base URL: http://localhost:60941
2025-06-24 18:47:07.434 [main] ERROR c.l.cli.client.TechSupportApiClient - Unexpected error while calling http://localhost:60941/api/bad: API call failed with status 400: Bad request
2025-06-24 18:47:07.440 [main] INFO  c.l.cli.client.TechSupportApiClient - TechSupportApiClient initialized with base URL: http://localhost:60943
2025-06-24 18:47:07.444 [main] ERROR c.l.cli.client.TechSupportApiClient - Unexpected error while calling http://localhost:60943/api/nonexistent: API call failed with status 404: Resource not found
2025-06-24 18:47:07.447 [main] INFO  c.l.cli.client.TechSupportApiClient - TechSupportApiClient initialized with base URL: http://localhost:60945
2025-06-24 18:47:07.452 [main] ERROR c.l.cli.client.TechSupportApiClient - Network error while calling http://localhost:60945/api/test: Failed to connect to localhost/[0:0:0:0:0:0:0:1]:60945
2025-06-24 18:47:07.458 [main] INFO  c.l.cli.client.TechSupportApiClient - TechSupportApiClient initialized with base URL: http://localhost:60948
2025-06-24 18:47:07.468 [main] ERROR c.l.cli.client.TechSupportApiClient - Network error while calling http://localhost:60948/api/empty: No content to map due to end-of-input
 at [Source: REDACTED (`StreamReadFeature.INCLUDE_SOURCE_IN_LOCATION` disabled); line: 1]
2025-06-24 18:47:07.484 [main] INFO  c.l.cli.client.TechSupportApiClient - TechSupportApiClient initialized with base URL: http://localhost:60950
2025-06-24 18:47:07.499 [main] INFO  c.l.cli.client.TechSupportApiClient - TechSupportApiClient initialized with base URL: http://localhost:60951
2025-06-24 18:47:07.532 [main] INFO  c.l.cli.client.TechSupportApiClient - TechSupportApiClient initialized with base URL: http://localhost:60953
